<?xml version="1.0" encoding="UTF-8"?>
<!-- Generated by org.testng.reporters.JUnitReportReporter -->
<testsuite hostname="LAPTOP-CDU0EB2F" failures="0" tests="10" name="com.Project.TestCases.AddMobileToCartTest" time="54.623" errors="0" timestamp="2025-03-09T22:35:51 IST" skipped="0">
  <testcase classname="com.Project.TestCases.AddMobileToCartTest" name="TestCase1" time="5.896"/>
  <system-out>
    <![CDATA[Flipkart Opens..
Smart Phone Searched...]]>
  </system-out>
  <testcase classname="com.Project.TestCases.AddMobileToCartTest" name="TestCase2" time="3.838"/>
  <system-out>
    <![CDATA[Switching to Search Results Page of Mobile is Done...
Selecting a Mobile of Particular Brand is Done...
Selecting the Mobile is Done..]]>
  </system-out>
  <testcase classname="com.Project.TestCases.AddMobileToCartTest" name="TestCase3" time="3.239"/>
  <system-out>
    <![CDATA[Switching to Product Page of Mobile is Done...
New Tab Opens..
Mobile is Added To Cart...
Current Tab is Closed...]]>
  </system-out>
  <testcase classname="com.Project.TestCases.AddMobileToCartTest" name="TestCase4" time="3.354"/>
  <system-out>
    <![CDATA[Switched to Home Page...
Search Box is Cleared...
Tablet is Searched...]]>
  </system-out>
  <testcase classname="com.Project.TestCases.AddMobileToCartTest" name="TestCase5" time="9.677"/>
  <system-out>
    <![CDATA[Switching to Search Results Page of Tablet is Done...
Different Brands of Tablet Appers...
Selecting a Tablet of Particular Brand is Done...
Selecting the Tablet is Done..]]>
  </system-out>
  <testcase classname="com.Project.TestCases.AddMobileToCartTest" name="TestCase6" time="3.251"/>
  <system-out>
    <![CDATA[Switching to Product Page of Tablet is Done...
New Tab Opens..
Tablet is Added To Cart...
Current Tab is Closed...]]>
  </system-out>
  <testcase classname="com.Project.TestCases.AddMobileToCartTest" name="TestCase7" time="3.260"/>
  <system-out>
    <![CDATA[Switched to Home Page...
Search Box is Cleared...
Laptop is Searched...]]>
  </system-out>
  <testcase classname="com.Project.TestCases.AddMobileToCartTest" name="TestCase8" time="9.632"/>
  <system-out>
    <![CDATA[Switching to Search Results Page of Laptop is Done...
Different Brands of Laptop Appers...
Selecting a Laptop of Particular Brand is Done...
Selecting the Laptop is Done..]]>
  </system-out>
  <testcase classname="com.Project.TestCases.AddMobileToCartTest" name="TestCase9" time="3.254"/>
  <system-out>
    <![CDATA[Switching to Product Page of Laptop is Done...
New Tab Opens..
Laptop is Added To Cart...
Current Tab is Closed...]]>
  </system-out>
  <testcase classname="com.Project.TestCases.AddMobileToCartTest" name="TestCase10" time="9.222"/>
  <system-out>
    <![CDATA[Cart Page Appears...
All The Products Verified...]]>
  </system-out>
</testsuite> <!-- com.Project.TestCases.AddMobileToCartTest -->
