<?xml version="1.0" encoding="UTF-8"?>
<!-- Generated by org.testng.reporters.JUnitReportReporter -->
<testsuite hostname="LAPTOP-CDU0EB2F" failures="0" tests="6" name="E_Commerce_Automation.Automation" time="39.918" errors="0" timestamp="2025-03-02T21:40:07 IST" skipped="0">
  <testcase classname="E_Commerce_Automation.Automation" name="OpenUrl" time="8.174"/>
  <system-out/>
  <testcase classname="E_Commerce_Automation.Automation" name="SearchProductTablet" time="8.950"/>
  <system-out/>
  <testcase classname="E_Commerce_Automation.Automation" name="FilterTablet" time="3.148"/>
  <system-out/>
  <testcase classname="E_Commerce_Automation.Automation" name="BrandTablet" time="3.194"/>
  <system-out/>
  <testcase classname="E_Commerce_Automation.Automation" name="ProductTablet" time="10.091"/>
  <system-out/>
  <testcase classname="E_Commerce_Automation.Automation" name="SearchProductMobile" time="6.361"/>
  <system-out/>
</testsuite> <!-- E_Commerce_Automation.Automation -->
